

Started GET "/" for ::1 at 2015-08-27 12:22:53 -0500

ActiveRecord::NoDatabaseError (FATAL:  database "restful_api_development" does not exist
):
  activerecord (4.2.3) lib/active_record/connection_adapters/postgresql_adapter.rb:665:in `rescue in connect'
  activerecord (4.2.3) lib/active_record/connection_adapters/postgresql_adapter.rb:655:in `connect'
  activerecord (4.2.3) lib/active_record/connection_adapters/postgresql_adapter.rb:242:in `initialize'
  activerecord (4.2.3) lib/active_record/connection_adapters/postgresql_adapter.rb:44:in `new'
  activerecord (4.2.3) lib/active_record/connection_adapters/postgresql_adapter.rb:44:in `postgresql_connection'
  activerecord (4.2.3) lib/active_record/connection_adapters/abstract/connection_pool.rb:438:in `new_connection'
  activerecord (4.2.3) lib/active_record/connection_adapters/abstract/connection_pool.rb:448:in `checkout_new_connection'
  activerecord (4.2.3) lib/active_record/connection_adapters/abstract/connection_pool.rb:422:in `acquire_connection'
  activerecord (4.2.3) lib/active_record/connection_adapters/abstract/connection_pool.rb:349:in `block in checkout'
  /System/Library/Frameworks/Ruby.framework/Versions/2.0/usr/lib/ruby/2.0.0/monitor.rb:211:in `mon_synchronize'
  activerecord (4.2.3) lib/active_record/connection_adapters/abstract/connection_pool.rb:348:in `checkout'
  activerecord (4.2.3) lib/active_record/connection_adapters/abstract/connection_pool.rb:263:in `block in connection'
  /System/Library/Frameworks/Ruby.framework/Versions/2.0/usr/lib/ruby/2.0.0/monitor.rb:211:in `mon_synchronize'
  activerecord (4.2.3) lib/active_record/connection_adapters/abstract/connection_pool.rb:262:in `connection'
  activerecord (4.2.3) lib/active_record/connection_adapters/abstract/connection_pool.rb:571:in `retrieve_connection'
  activerecord (4.2.3) lib/active_record/connection_handling.rb:113:in `retrieve_connection'
  activerecord (4.2.3) lib/active_record/connection_handling.rb:87:in `connection'
  activerecord (4.2.3) lib/active_record/migration.rb:383:in `connection'
  activerecord (4.2.3) lib/active_record/migration.rb:370:in `call'
  actionpack (4.2.3) lib/action_dispatch/middleware/callbacks.rb:29:in `block in call'
  activesupport (4.2.3) lib/active_support/callbacks.rb:84:in `run_callbacks'
  actionpack (4.2.3) lib/action_dispatch/middleware/callbacks.rb:27:in `call'
  actionpack (4.2.3) lib/action_dispatch/middleware/reloader.rb:73:in `call'
  actionpack (4.2.3) lib/action_dispatch/middleware/remote_ip.rb:78:in `call'
  actionpack (4.2.3) lib/action_dispatch/middleware/debug_exceptions.rb:17:in `call'
  web-console (2.2.1) lib/web_console/middleware.rb:39:in `call'
  actionpack (4.2.3) lib/action_dispatch/middleware/show_exceptions.rb:30:in `call'
  railties (4.2.3) lib/rails/rack/logger.rb:38:in `call_app'
  railties (4.2.3) lib/rails/rack/logger.rb:20:in `block in call'
  activesupport (4.2.3) lib/active_support/tagged_logging.rb:68:in `block in tagged'
  activesupport (4.2.3) lib/active_support/tagged_logging.rb:26:in `tagged'
  activesupport (4.2.3) lib/active_support/tagged_logging.rb:68:in `tagged'
  railties (4.2.3) lib/rails/rack/logger.rb:20:in `call'
  actionpack (4.2.3) lib/action_dispatch/middleware/request_id.rb:21:in `call'
  rack (1.6.4) lib/rack/methodoverride.rb:22:in `call'
  rack (1.6.4) lib/rack/runtime.rb:18:in `call'
  activesupport (4.2.3) lib/active_support/cache/strategy/local_cache_middleware.rb:28:in `call'
  rack (1.6.4) lib/rack/lock.rb:17:in `call'
  actionpack (4.2.3) lib/action_dispatch/middleware/static.rb:116:in `call'
  rack (1.6.4) lib/rack/sendfile.rb:113:in `call'
  railties (4.2.3) lib/rails/engine.rb:518:in `call'
  railties (4.2.3) lib/rails/application.rb:165:in `call'
  rack (1.6.4) lib/rack/lock.rb:17:in `call'
  rack (1.6.4) lib/rack/content_length.rb:15:in `call'
  rack (1.6.4) lib/rack/handler/webrick.rb:88:in `service'
  /System/Library/Frameworks/Ruby.framework/Versions/2.0/usr/lib/ruby/2.0.0/webrick/httpserver.rb:138:in `service'
  /System/Library/Frameworks/Ruby.framework/Versions/2.0/usr/lib/ruby/2.0.0/webrick/httpserver.rb:94:in `run'
  /System/Library/Frameworks/Ruby.framework/Versions/2.0/usr/lib/ruby/2.0.0/webrick/server.rb:295:in `block in start_thread'


  Rendered /Library/Ruby/Gems/2.0.0/gems/actionpack-4.2.3/lib/action_dispatch/middleware/templates/rescues/_source.erb (2.4ms)
  Rendered /Library/Ruby/Gems/2.0.0/gems/actionpack-4.2.3/lib/action_dispatch/middleware/templates/rescues/_trace.html.erb (31.0ms)
  Rendered /Library/Ruby/Gems/2.0.0/gems/actionpack-4.2.3/lib/action_dispatch/middleware/templates/rescues/_request_and_response.html.erb (0.7ms)
  Rendered /Library/Ruby/Gems/2.0.0/gems/actionpack-4.2.3/lib/action_dispatch/middleware/templates/rescues/diagnostics.html.erb within rescues/layout (42.6ms)
  Rendered /Library/Ruby/Gems/2.0.0/gems/web-console-2.2.1/lib/web_console/templates/_markup.html.erb (0.3ms)
  Rendered /Library/Ruby/Gems/2.0.0/gems/web-console-2.2.1/lib/web_console/templates/_inner_console_markup.html.erb within layouts/inlined_string (37.4ms)
  Rendered /Library/Ruby/Gems/2.0.0/gems/web-console-2.2.1/lib/web_console/templates/_prompt_box_markup.html.erb within layouts/inlined_string (0.3ms)
  Rendered /Library/Ruby/Gems/2.0.0/gems/web-console-2.2.1/lib/web_console/templates/style.css.erb within layouts/inlined_string (0.3ms)
  Rendered /Library/Ruby/Gems/2.0.0/gems/web-console-2.2.1/lib/web_console/templates/console.js.erb within layouts/javascript (47.8ms)
  Rendered /Library/Ruby/Gems/2.0.0/gems/web-console-2.2.1/lib/web_console/templates/main.js.erb within layouts/javascript (0.2ms)
  Rendered /Library/Ruby/Gems/2.0.0/gems/web-console-2.2.1/lib/web_console/templates/error_page.js.erb within layouts/javascript (0.4ms)
  Rendered /Library/Ruby/Gems/2.0.0/gems/web-console-2.2.1/lib/web_console/templates/index.html.erb (61.2ms)
  [1m[36m (5.3ms)[0m  [1mCREATE TABLE "schema_migrations" ("version" character varying NOT NULL) [0m
  [1m[35m (2.0ms)[0m  CREATE UNIQUE INDEX  "unique_schema_migrations" ON "schema_migrations"  ("version")
  [1m[36mActiveRecord::SchemaMigration Load (0.4ms)[0m  [1mSELECT "schema_migrations".* FROM "schema_migrations"[0m
Migrating to CreatePeople (20150827170803)
  [1m[35m (0.1ms)[0m  BEGIN
  [1m[36m (6.2ms)[0m  [1mCREATE TABLE "people" ("id" serial primary key, "name" character varying, "hobby" character varying, "created_at" timestamp NOT NULL, "updated_at" timestamp NOT NULL) [0m
  [1m[35mSQL (0.2ms)[0m  INSERT INTO "schema_migrations" ("version") VALUES ($1)  [["version", "20150827170803"]]
  [1m[36m (1.2ms)[0m  [1mCOMMIT[0m
  [1m[35mActiveRecord::SchemaMigration Load (0.3ms)[0m  SELECT "schema_migrations".* FROM "schema_migrations"
  [1m[36m (3.1ms)[0m  [1mSELECT t2.oid::regclass::text AS to_table, a1.attname AS column, a2.attname AS primary_key, c.conname AS name, c.confupdtype AS on_update, c.confdeltype AS on_delete
FROM pg_constraint c
JOIN pg_class t1 ON c.conrelid = t1.oid
JOIN pg_class t2 ON c.confrelid = t2.oid
JOIN pg_attribute a1 ON a1.attnum = c.conkey[1] AND a1.attrelid = t1.oid
JOIN pg_attribute a2 ON a2.attnum = c.confkey[1] AND a2.attrelid = t2.oid
JOIN pg_namespace t3 ON c.connamespace = t3.oid
WHERE c.contype = 'f'
  AND t1.relname = 'people'
  AND t3.nspname = ANY (current_schemas(false))
ORDER BY c.conname
[0m


Started GET "/" for ::1 at 2015-08-27 12:23:39 -0500
  [1m[36mActiveRecord::SchemaMigration Load (0.4ms)[0m  [1mSELECT "schema_migrations".* FROM "schema_migrations"[0m
Processing by Rails::WelcomeController#index as HTML
  Rendered /Library/Ruby/Gems/2.0.0/gems/railties-4.2.3/lib/rails/templates/rails/welcome/index.html.erb (1.0ms)
Completed 200 OK in 19ms (Views: 4.1ms | ActiveRecord: 0.0ms)


Started GET "/api/people" for ::1 at 2015-08-27 12:23:48 -0500
Processing by PeopleController#list as HTML
Completed 500 Internal Server Error in 4ms (ActiveRecord: 0.0ms)

NameError (uninitialized constant PeopleController::People):
  app/controllers/people_controller.rb:4:in `list'


  Rendered /Library/Ruby/Gems/2.0.0/gems/actionpack-4.2.3/lib/action_dispatch/middleware/templates/rescues/_source.erb (3.8ms)
  Rendered /Library/Ruby/Gems/2.0.0/gems/actionpack-4.2.3/lib/action_dispatch/middleware/templates/rescues/_trace.html.erb (1.8ms)
  Rendered /Library/Ruby/Gems/2.0.0/gems/actionpack-4.2.3/lib/action_dispatch/middleware/templates/rescues/_request_and_response.html.erb (0.7ms)
  Rendered /Library/Ruby/Gems/2.0.0/gems/actionpack-4.2.3/lib/action_dispatch/middleware/templates/rescues/diagnostics.html.erb within rescues/layout (15.0ms)
  Rendered /Library/Ruby/Gems/2.0.0/gems/web-console-2.2.1/lib/web_console/templates/_markup.html.erb (0.4ms)
  Rendered /Library/Ruby/Gems/2.0.0/gems/web-console-2.2.1/lib/web_console/templates/_inner_console_markup.html.erb within layouts/inlined_string (0.5ms)
  Rendered /Library/Ruby/Gems/2.0.0/gems/web-console-2.2.1/lib/web_console/templates/_prompt_box_markup.html.erb within layouts/inlined_string (0.3ms)
  Rendered /Library/Ruby/Gems/2.0.0/gems/web-console-2.2.1/lib/web_console/templates/style.css.erb within layouts/inlined_string (0.3ms)
  Rendered /Library/Ruby/Gems/2.0.0/gems/web-console-2.2.1/lib/web_console/templates/console.js.erb within layouts/javascript (11.9ms)
  Rendered /Library/Ruby/Gems/2.0.0/gems/web-console-2.2.1/lib/web_console/templates/main.js.erb within layouts/javascript (0.2ms)
  Rendered /Library/Ruby/Gems/2.0.0/gems/web-console-2.2.1/lib/web_console/templates/error_page.js.erb within layouts/javascript (0.5ms)
  Rendered /Library/Ruby/Gems/2.0.0/gems/web-console-2.2.1/lib/web_console/templates/index.html.erb (25.6ms)


Started GET "/api/people" for ::1 at 2015-08-27 12:24:13 -0500
  [1m[36mActiveRecord::SchemaMigration Load (0.4ms)[0m  [1mSELECT "schema_migrations".* FROM "schema_migrations"[0m
Processing by PeopleController#list as HTML
  [1m[35mPerson Load (0.7ms)[0m  SELECT "people".* FROM "people"
Completed 200 OK in 22ms (Views: 1.2ms | ActiveRecord: 1.4ms)


Started GET "/api/people" for ::1 at 2015-08-27 12:28:04 -0500
  [1m[36mActiveRecord::SchemaMigration Load (0.7ms)[0m  [1mSELECT "schema_migrations".* FROM "schema_migrations"[0m
Processing by PeopleController#list as */*
  [1m[35mPerson Load (0.7ms)[0m  SELECT "people".* FROM "people"
Completed 200 OK in 25ms (Views: 2.7ms | ActiveRecord: 3.5ms)


Started POST "/api/people?name=James&hobby=astronomy" for ::1 at 2015-08-27 12:28:28 -0500
Processing by PeopleController#create as */*
  Parameters: {"name"=>"James", "hobby"=>"astronomy"}
  [1m[36m (0.2ms)[0m  [1mBEGIN[0m
  [1m[35mSQL (4.1ms)[0m  INSERT INTO "people" ("name", "hobby", "created_at", "updated_at") VALUES ($1, $2, $3, $4) RETURNING "id"  [["name", "James"], ["hobby", "astronomy"], ["created_at", "2015-08-27 17:28:28.214635"], ["updated_at", "2015-08-27 17:28:28.214635"]]
  [1m[36m (1.8ms)[0m  [1mCOMMIT[0m
Completed 200 OK in 30ms (Views: 0.8ms | ActiveRecord: 11.7ms)


Started GET "/api/people?name=James&hobby=astronomy" for ::1 at 2015-08-27 12:28:52 -0500
Processing by PeopleController#list as */*
  Parameters: {"name"=>"James", "hobby"=>"astronomy"}
  [1m[35mPerson Load (1.9ms)[0m  SELECT "people".* FROM "people"
Completed 200 OK in 6ms (Views: 3.7ms | ActiveRecord: 1.9ms)


Started GET "/api/people/1" for ::1 at 2015-08-27 12:30:48 -0500
  [1m[36mActiveRecord::SchemaMigration Load (0.6ms)[0m  [1mSELECT "schema_migrations".* FROM "schema_migrations"[0m
Processing by PeopleController#read as */*
  Parameters: {"id"=>"1"}
  [1m[35mPerson Load (0.5ms)[0m  SELECT  "people".* FROM "people" WHERE "people"."id" = $1 LIMIT 1  [["id", 1]]
Completed 200 OK in 37ms (Views: 0.8ms | ActiveRecord: 4.3ms)


Started POST "/api/people?name=Darth%20Vader&hobby=blowing%20up%20planets" for ::1 at 2015-08-27 12:33:20 -0500
  [1m[36mActiveRecord::SchemaMigration Load (0.6ms)[0m  [1mSELECT "schema_migrations".* FROM "schema_migrations"[0m
Processing by PeopleController#create as */*
  Parameters: {"name"=>"Darth Vader", "hobby"=>"blowing up planets"}
  [1m[35m (0.2ms)[0m  BEGIN
  [1m[36mSQL (0.4ms)[0m  [1mINSERT INTO "people" ("name", "hobby", "created_at", "updated_at") VALUES ($1, $2, $3, $4) RETURNING "id"[0m  [["name", "Darth Vader"], ["hobby", "blowing up planets"], ["created_at", "2015-08-27 17:33:20.645222"], ["updated_at", "2015-08-27 17:33:20.645222"]]
  [1m[35m (1.4ms)[0m  COMMIT
Completed 200 OK in 35ms (Views: 1.4ms | ActiveRecord: 5.0ms)


Started GET "/api/people" for ::1 at 2015-08-27 12:33:29 -0500
Processing by PeopleController#list as */*
  [1m[36mPerson Load (2.4ms)[0m  [1mSELECT "people".* FROM "people"[0m
Completed 200 OK in 7ms (Views: 3.4ms | ActiveRecord: 2.4ms)


Started PATCH "/api/people/2?name=Anakin%20Skywalker" for ::1 at 2015-08-27 12:33:53 -0500
Processing by PeopleController#update as */*
  Parameters: {"name"=>"Anakin Skywalker", "id"=>"2"}
  [1m[35mPerson Load (0.5ms)[0m  SELECT  "people".* FROM "people" WHERE "people"."id" = $1 LIMIT 1  [["id", 2]]
  [1m[36m (0.1ms)[0m  [1mBEGIN[0m
  [1m[35mSQL (1.4ms)[0m  UPDATE "people" SET "name" = $1, "hobby" = $2, "updated_at" = $3 WHERE "people"."id" = $4  [["name", "Anakin Skywalker"], ["hobby", nil], ["updated_at", "2015-08-27 17:33:53.208546"], ["id", 2]]
  [1m[36m (1.5ms)[0m  [1mCOMMIT[0m
Completed 200 OK in 22ms (Views: 0.8ms | ActiveRecord: 3.6ms)


Started GET "/api/people" for ::1 at 2015-08-27 12:34:01 -0500
Processing by PeopleController#list as HTML
  [1m[35mPerson Load (0.3ms)[0m  SELECT "people".* FROM "people"
Completed 200 OK in 2ms (Views: 1.0ms | ActiveRecord: 0.3ms)


Started GET "/api/people" for ::1 at 2015-08-27 12:36:25 -0500
  [1m[36mActiveRecord::SchemaMigration Load (0.7ms)[0m  [1mSELECT "schema_migrations".* FROM "schema_migrations"[0m
Processing by PeopleController#list as HTML
  [1m[35mPerson Load (0.8ms)[0m  SELECT "people".* FROM "people"
Completed 200 OK in 28ms (Views: 5.5ms | ActiveRecord: 3.9ms)


Started DELETE "/api/people/2?name=Anakin%20Skywalker" for ::1 at 2015-08-27 12:36:37 -0500
Processing by PeopleController#destroy as */*
  Parameters: {"name"=>"Anakin Skywalker", "id"=>"2"}
  [1m[36mPerson Load (0.7ms)[0m  [1mSELECT  "people".* FROM "people" WHERE "people"."id" = $1 LIMIT 1[0m  [["id", 2]]
  [1m[35m (0.5ms)[0m  BEGIN
  [1m[36mSQL (0.3ms)[0m  [1mDELETE FROM "people" WHERE "people"."id" = $1[0m  [["id", 2]]
  [1m[35m (1.3ms)[0m  COMMIT
Completed 200 OK in 21ms (Views: 1.1ms | ActiveRecord: 5.2ms)


Started GET "/api/people" for ::1 at 2015-08-27 12:36:46 -0500
Processing by PeopleController#list as */*
  [1m[36mPerson Load (1.4ms)[0m  [1mSELECT "people".* FROM "people"[0m
Completed 200 OK in 4ms (Views: 1.7ms | ActiveRecord: 1.4ms)
